<?xml version="1.0" ?>
<coverage branch-rate="0" branches-covered="0" branches-valid="0" complexity="0" line-rate="0" lines-covered="0" lines-valid="745" timestamp="1571382424749" version="4.5.4">
	<!-- Generated by coverage.py: https://coverage.readthedocs.io -->
	<!-- Based on https://raw.githubusercontent.com/cobertura/web/master/htdocs/xml/coverage-04.dtd -->
	<sources/>
	<packages>
		<package branch-rate="0" complexity="0" line-rate="0" name=".usr.lib.python2.7">
			<classes>
				<class branch-rate="0" complexity="0" filename="/usr/lib/python2.7/imghdr.py" line-rate="0" name="imghdr.py">
					<methods/>
					<lines>
						<line hits="0" number="3"/>
						<line hits="0" number="9"/>
						<line hits="0" number="10"/>
						<line hits="0" number="11"/>
						<line hits="0" number="12"/>
						<line hits="0" number="13"/>
						<line hits="0" number="14"/>
						<line hits="0" number="15"/>
						<line hits="0" number="17"/>
						<line hits="0" number="18"/>
						<line hits="0" number="19"/>
						<line hits="0" number="20"/>
						<line hits="0" number="21"/>
						<line hits="0" number="22"/>
						<line hits="0" number="23"/>
						<line hits="0" number="25"/>
						<line hits="0" number="26"/>
						<line hits="0" number="33"/>
						<line hits="0" number="35"/>
						<line hits="0" number="37"/>
						<line hits="0" number="38"/>
						<line hits="0" number="40"/>
						<line hits="0" number="42"/>
						<line hits="0" number="44"/>
						<line hits="0" number="45"/>
						<line hits="0" number="47"/>
						<line hits="0" number="49"/>
						<line hits="0" number="50"/>
						<line hits="0" number="51"/>
						<line hits="0" number="53"/>
						<line hits="0" number="55"/>
						<line hits="0" number="57"/>
						<line hits="0" number="58"/>
						<line hits="0" number="60"/>
						<line hits="0" number="62"/>
						<line hits="0" number="64"/>
						<line hits="0" number="65"/>
						<line hits="0" number="67"/>
						<line hits="0" number="69"/>
						<line hits="0" number="71"/>
						<line hits="0" number="72"/>
						<line hits="0" number="74"/>
						<line hits="0" number="76"/>
						<line hits="0" number="78"/>
						<line hits="0" number="80"/>
						<line hits="0" number="82"/>
						<line hits="0" number="84"/>
						<line hits="0" number="86"/>
						<line hits="0" number="88"/>
						<line hits="0" number="90"/>
						<line hits="0" number="92"/>
						<line hits="0" number="94"/>
						<line hits="0" number="96"/>
						<line hits="0" number="98"/>
						<line hits="0" number="100"/>
						<line hits="0" number="102"/>
						<line hits="0" number="103"/>
						<line hits="0" number="105"/>
						<line hits="0" number="107"/>
						<line hits="0" number="109"/>
						<line hits="0" number="110"/>
						<line hits="0" number="111"/>
						<line hits="0" number="113"/>
						<line hits="0" number="115"/>
						<line hits="0" number="116"/>
						<line hits="0" number="117"/>
						<line hits="0" number="119"/>
						<line hits="0" number="125"/>
						<line hits="0" number="126"/>
						<line hits="0" number="127"/>
						<line hits="0" number="128"/>
						<line hits="0" number="129"/>
						<line hits="0" number="130"/>
						<line hits="0" number="131"/>
						<line hits="0" number="132"/>
						<line hits="0" number="133"/>
						<line hits="0" number="135"/>
						<line hits="0" number="136"/>
						<line hits="0" number="137"/>
						<line hits="0" number="138"/>
						<line hits="0" number="140"/>
						<line hits="0" number="141"/>
						<line hits="0" number="142"/>
						<line hits="0" number="143"/>
						<line hits="0" number="144"/>
						<line hits="0" number="145"/>
						<line hits="0" number="146"/>
						<line hits="0" number="147"/>
						<line hits="0" number="148"/>
						<line hits="0" number="149"/>
						<line hits="0" number="150"/>
						<line hits="0" number="152"/>
						<line hits="0" number="154"/>
						<line hits="0" number="155"/>
						<line hits="0" number="156"/>
						<line hits="0" number="157"/>
						<line hits="0" number="158"/>
						<line hits="0" number="159"/>
					</lines>
				</class>
				<class branch-rate="0" complexity="0" filename="/usr/lib/python2.7/sndhdr.py" line-rate="0" name="sndhdr.py">
					<methods/>
					<lines>
						<line hits="0" number="33"/>
						<line hits="0" number="35"/>
						<line hits="0" number="37"/>
						<line hits="0" number="38"/>
						<line hits="0" number="41"/>
						<line hits="0" number="43"/>
						<line hits="0" number="44"/>
						<line hits="0" number="45"/>
						<line hits="0" number="46"/>
						<line hits="0" number="47"/>
						<line hits="0" number="48"/>
						<line hits="0" number="49"/>
						<line hits="0" number="56"/>
						<line hits="0" number="58"/>
						<line hits="0" number="59"/>
						<line hits="0" number="60"/>
						<line hits="0" number="61"/>
						<line hits="0" number="62"/>
						<line hits="0" number="63"/>
						<line hits="0" number="64"/>
						<line hits="0" number="65"/>
						<line hits="0" number="67"/>
						<line hits="0" number="68"/>
						<line hits="0" number="69"/>
						<line hits="0" number="70"/>
						<line hits="0" number="71"/>
						<line hits="0" number="72"/>
						<line hits="0" number="73"/>
						<line hits="0" number="76"/>
						<line hits="0" number="79"/>
						<line hits="0" number="80"/>
						<line hits="0" number="81"/>
						<line hits="0" number="82"/>
						<line hits="0" number="83"/>
						<line hits="0" number="85"/>
						<line hits="0" number="86"/>
						<line hits="0" number="87"/>
						<line hits="0" number="88"/>
						<line hits="0" number="89"/>
						<line hits="0" number="90"/>
						<line hits="0" number="91"/>
						<line hits="0" number="92"/>
						<line hits="0" number="93"/>
						<line hits="0" number="94"/>
						<line hits="0" number="95"/>
						<line hits="0" number="96"/>
						<line hits="0" number="97"/>
						<line hits="0" number="98"/>
						<line hits="0" number="99"/>
						<line hits="0" number="101"/>
						<line hits="0" number="102"/>
						<line hits="0" number="103"/>
						<line hits="0" number="105"/>
						<line hits="0" number="108"/>
						<line hits="0" number="109"/>
						<line hits="0" number="110"/>
						<line hits="0" number="111"/>
						<line hits="0" number="112"/>
						<line hits="0" number="114"/>
						<line hits="0" number="117"/>
						<line hits="0" number="118"/>
						<line hits="0" number="119"/>
						<line hits="0" number="120"/>
						<line hits="0" number="121"/>
						<line hits="0" number="122"/>
						<line hits="0" number="123"/>
						<line hits="0" number="124"/>
						<line hits="0" number="125"/>
						<line hits="0" number="127"/>
						<line hits="0" number="130"/>
						<line hits="0" number="132"/>
						<line hits="0" number="133"/>
						<line hits="0" number="134"/>
						<line hits="0" number="135"/>
						<line hits="0" number="136"/>
						<line hits="0" number="137"/>
						<line hits="0" number="138"/>
						<line hits="0" number="140"/>
						<line hits="0" number="143"/>
						<line hits="0" number="144"/>
						<line hits="0" number="145"/>
						<line hits="0" number="147"/>
						<line hits="0" number="149"/>
						<line hits="0" number="152"/>
						<line hits="0" number="153"/>
						<line hits="0" number="154"/>
						<line hits="0" number="155"/>
						<line hits="0" number="156"/>
						<line hits="0" number="158"/>
						<line hits="0" number="161"/>
						<line hits="0" number="162"/>
						<line hits="0" number="163"/>
						<line hits="0" number="164"/>
						<line hits="0" number="165"/>
						<line hits="0" number="167"/>
						<line hits="0" number="174"/>
						<line hits="0" number="175"/>
						<line hits="0" number="177"/>
						<line hits="0" number="178"/>
						<line hits="0" number="180"/>
						<line hits="0" number="181"/>
						<line hits="0" number="183"/>
						<line hits="0" number="184"/>
						<line hits="0" number="191"/>
						<line hits="0" number="192"/>
						<line hits="0" number="193"/>
						<line hits="0" number="194"/>
						<line hits="0" number="195"/>
						<line hits="0" number="196"/>
						<line hits="0" number="197"/>
						<line hits="0" number="198"/>
						<line hits="0" number="199"/>
						<line hits="0" number="201"/>
						<line hits="0" number="202"/>
						<line hits="0" number="203"/>
						<line hits="0" number="204"/>
						<line hits="0" number="206"/>
						<line hits="0" number="207"/>
						<line hits="0" number="208"/>
						<line hits="0" number="209"/>
						<line hits="0" number="210"/>
						<line hits="0" number="211"/>
						<line hits="0" number="212"/>
						<line hits="0" number="213"/>
						<line hits="0" number="214"/>
						<line hits="0" number="215"/>
						<line hits="0" number="216"/>
						<line hits="0" number="218"/>
						<line hits="0" number="220"/>
						<line hits="0" number="221"/>
						<line hits="0" number="222"/>
						<line hits="0" number="223"/>
						<line hits="0" number="224"/>
						<line hits="0" number="225"/>
						<line hits="0" number="227"/>
						<line hits="0" number="228"/>
					</lines>
				</class>
			</classes>
		</package>
		<package branch-rate="0" complexity="0" line-rate="0" name=".usr.lib.python2.7.email">
			<classes>
				<class branch-rate="0" complexity="0" filename="/usr/lib/python2.7/email/generator.py" line-rate="0" name="generator.py">
					<methods/>
					<lines>
						<line hits="0" number="4"/>
						<line hits="0" number="6"/>
						<line hits="0" number="8"/>
						<line hits="0" number="9"/>
						<line hits="0" number="10"/>
						<line hits="0" number="11"/>
						<line hits="0" number="12"/>
						<line hits="0" number="14"/>
						<line hits="0" number="15"/>
						<line hits="0" number="17"/>
						<line hits="0" number="18"/>
						<line hits="0" number="20"/>
						<line hits="0" number="22"/>
						<line hits="0" number="23"/>
						<line hits="0" number="24"/>
						<line hits="0" number="25"/>
						<line hits="0" number="26"/>
						<line hits="0" number="27"/>
						<line hits="0" number="28"/>
						<line hits="0" number="32"/>
						<line hits="0" number="42"/>
						<line hits="0" number="59"/>
						<line hits="0" number="60"/>
						<line hits="0" number="61"/>
						<line hits="0" number="63"/>
						<line hits="0" number="65"/>
						<line hits="0" number="67"/>
						<line hits="0" number="78"/>
						<line hits="0" number="79"/>
						<line hits="0" number="80"/>
						<line hits="0" number="81"/>
						<line hits="0" number="82"/>
						<line hits="0" number="83"/>
						<line hits="0" number="85"/>
						<line hits="0" number="87"/>
						<line hits="0" number="93"/>
						<line hits="0" number="105"/>
						<line hits="0" number="106"/>
						<line hits="0" number="107"/>
						<line hits="0" number="108"/>
						<line hits="0" number="110"/>
						<line hits="0" number="113"/>
						<line hits="0" number="114"/>
						<line hits="0" number="115"/>
						<line hits="0" number="117"/>
						<line hits="0" number="118"/>
						<line hits="0" number="120"/>
						<line hits="0" number="125"/>
						<line hits="0" number="126"/>
						<line hits="0" number="127"/>
						<line hits="0" number="128"/>
						<line hits="0" number="129"/>
						<line hits="0" number="130"/>
						<line hits="0" number="131"/>
						<line hits="0" number="132"/>
						<line hits="0" number="133"/>
						<line hits="0" number="134"/>
						<line hits="0" number="140"/>
						<line hits="0" number="141"/>
						<line hits="0" number="142"/>
						<line hits="0" number="143"/>
						<line hits="0" number="145"/>
						<line hits="0" number="146"/>
						<line hits="0" number="148"/>
						<line hits="0" number="149"/>
						<line hits="0" number="156"/>
						<line hits="0" number="163"/>
						<line hits="0" number="166"/>
						<line hits="0" number="172"/>
						<line hits="0" number="173"/>
						<line hits="0" number="174"/>
						<line hits="0" number="175"/>
						<line hits="0" number="176"/>
						<line hits="0" number="177"/>
						<line hits="0" number="178"/>
						<line hits="0" number="179"/>
						<line hits="0" number="180"/>
						<line hits="0" number="183"/>
						<line hits="0" number="185"/>
						<line hits="0" number="189"/>
						<line hits="0" number="190"/>
						<line hits="0" number="191"/>
						<line hits="0" number="192"/>
						<line hits="0" number="193"/>
						<line hits="0" number="195"/>
						<line hits="0" number="196"/>
						<line hits="0" number="197"/>
						<line hits="0" number="199"/>
						<line hits="0" number="200"/>
						<line hits="0" number="201"/>
						<line hits="0" number="202"/>
						<line hits="0" number="203"/>
						<line hits="0" number="204"/>
						<line hits="0" number="206"/>
						<line hits="0" number="207"/>
						<line hits="0" number="210"/>
						<line hits="0" number="211"/>
						<line hits="0" number="212"/>
						<line hits="0" number="214"/>
						<line hits="0" number="215"/>
						<line hits="0" number="216"/>
						<line hits="0" number="218"/>
						<line hits="0" number="219"/>
						<line hits="0" number="221"/>
						<line hits="0" number="223"/>
						<line hits="0" number="224"/>
						<line hits="0" number="228"/>
						<line hits="0" number="230"/>
						<line hits="0" number="232"/>
						<line hits="0" number="234"/>
						<line hits="0" number="235"/>
						<line hits="0" number="236"/>
						<line hits="0" number="237"/>
						<line hits="0" number="239"/>
						<line hits="0" number="240"/>
						<line hits="0" number="242"/>
						<line hits="0" number="246"/>
						<line hits="0" number="247"/>
						<line hits="0" number="248"/>
						<line hits="0" number="249"/>
						<line hits="0" number="251"/>
						<line hits="0" number="253"/>
						<line hits="0" number="257"/>
						<line hits="0" number="258"/>
						<line hits="0" number="259"/>
						<line hits="0" number="260"/>
						<line hits="0" number="261"/>
						<line hits="0" number="262"/>
						<line hits="0" number="263"/>
						<line hits="0" number="265"/>
						<line hits="0" number="266"/>
						<line hits="0" number="268"/>
						<line hits="0" number="272"/>
						<line hits="0" number="274"/>
						<line hits="0" number="275"/>
						<line hits="0" number="276"/>
						<line hits="0" number="286"/>
						<line hits="0" number="287"/>
						<line hits="0" number="288"/>
						<line hits="0" number="289"/>
						<line hits="0" number="290"/>
						<line hits="0" number="294"/>
						<line hits="0" number="296"/>
						<line hits="0" number="302"/>
						<line hits="0" number="324"/>
						<line hits="0" number="325"/>
						<line hits="0" number="326"/>
						<line hits="0" number="328"/>
						<line hits="0" number="330"/>
						<line hits="0" number="331"/>
						<line hits="0" number="332"/>
						<line hits="0" number="333"/>
						<line hits="0" number="334"/>
						<line hits="0" number="335"/>
						<line hits="0" number="337"/>
						<line hits="0" number="339"/>
						<line hits="0" number="353"/>
						<line hits="0" number="354"/>
						<line hits="0" number="356"/>
						<line hits="0" number="359"/>
						<line hits="0" number="360"/>
						<line hits="0" number="361"/>
						<line hits="0" number="362"/>
						<line hits="0" number="363"/>
						<line hits="0" number="364"/>
						<line hits="0" number="365"/>
						<line hits="0" number="366"/>
						<line hits="0" number="367"/>
						<line hits="0" number="368"/>
						<line hits="0" number="369"/>
						<line hits="0" number="370"/>
						<line hits="0" number="371"/>
					</lines>
				</class>
				<class branch-rate="0" complexity="0" filename="/usr/lib/python2.7/email/header.py" line-rate="0" name="header.py">
					<methods/>
					<lines>
						<line hits="0" number="5"/>
						<line hits="0" number="7"/>
						<line hits="0" number="13"/>
						<line hits="0" number="14"/>
						<line hits="0" number="16"/>
						<line hits="0" number="17"/>
						<line hits="0" number="19"/>
						<line hits="0" number="20"/>
						<line hits="0" number="22"/>
						<line hits="0" number="23"/>
						<line hits="0" number="24"/>
						<line hits="0" number="25"/>
						<line hits="0" number="26"/>
						<line hits="0" number="28"/>
						<line hits="0" number="30"/>
						<line hits="0" number="31"/>
						<line hits="0" number="34"/>
						<line hits="0" number="48"/>
						<line hits="0" number="52"/>
						<line hits="0" number="57"/>
						<line hits="0" number="61"/>
						<line hits="0" number="73"/>
						<line hits="0" number="74"/>
						<line hits="0" number="75"/>
						<line hits="0" number="76"/>
						<line hits="0" number="77"/>
						<line hits="0" number="78"/>
						<line hits="0" number="80"/>
						<line hits="0" number="81"/>
						<line hits="0" number="82"/>
						<line hits="0" number="83"/>
						<line hits="0" number="84"/>
						<line hits="0" number="85"/>
						<line hits="0" number="86"/>
						<line hits="0" number="88"/>
						<line hits="0" number="89"/>
						<line hits="0" number="91"/>
						<line hits="0" number="92"/>
						<line hits="0" number="93"/>
						<line hits="0" number="94"/>
						<line hits="0" number="95"/>
						<line hits="0" number="96"/>
						<line hits="0" number="97"/>
						<line hits="0" number="98"/>
						<line hits="0" number="99"/>
						<line hits="0" number="100"/>
						<line hits="0" number="101"/>
						<line hits="0" number="102"/>
						<line hits="0" number="103"/>
						<line hits="0" number="104"/>
						<line hits="0" number="108"/>
						<line hits="0" number="109"/>
						<line hits="0" number="110"/>
						<line hits="0" number="112"/>
						<line hits="0" number="113"/>
						<line hits="0" number="115"/>
						<line hits="0" number="116"/>
						<line hits="0" number="117"/>
						<line hits="0" number="121"/>
						<line hits="0" number="133"/>
						<line hits="0" number="135"/>
						<line hits="0" number="137"/>
						<line hits="0" number="138"/>
						<line hits="0" number="139"/>
						<line hits="0" number="140"/>
						<line hits="0" number="144"/>
						<line hits="0" number="145"/>
						<line hits="0" number="173"/>
						<line hits="0" number="174"/>
						<line hits="0" number="175"/>
						<line hits="0" number="176"/>
						<line hits="0" number="177"/>
						<line hits="0" number="178"/>
						<line hits="0" number="179"/>
						<line hits="0" number="181"/>
						<line hits="0" number="182"/>
						<line hits="0" number="183"/>
						<line hits="0" number="184"/>
						<line hits="0" number="185"/>
						<line hits="0" number="186"/>
						<line hits="0" number="189"/>
						<line hits="0" number="193"/>
						<line hits="0" number="196"/>
						<line hits="0" number="198"/>
						<line hits="0" number="200"/>
						<line hits="0" number="202"/>
						<line hits="0" number="204"/>
						<line hits="0" number="205"/>
						<line hits="0" number="206"/>
						<line hits="0" number="211"/>
						<line hits="0" number="212"/>
						<line hits="0" number="213"/>
						<line hits="0" number="214"/>
						<line hits="0" number="215"/>
						<line hits="0" number="216"/>
						<line hits="0" number="217"/>
						<line hits="0" number="218"/>
						<line hits="0" number="219"/>
						<line hits="0" number="220"/>
						<line hits="0" number="221"/>
						<line hits="0" number="225"/>
						<line hits="0" number="228"/>
						<line hits="0" number="230"/>
						<line hits="0" number="231"/>
						<line hits="0" number="233"/>
						<line hits="0" number="254"/>
						<line hits="0" number="255"/>
						<line hits="0" number="256"/>
						<line hits="0" number="257"/>
						<line hits="0" number="259"/>
						<line hits="0" number="263"/>
						<line hits="0" number="266"/>
						<line hits="0" number="267"/>
						<line hits="0" number="271"/>
						<line hits="0" number="272"/>
						<line hits="0" number="273"/>
						<line hits="0" number="277"/>
						<line hits="0" number="278"/>
						<line hits="0" number="279"/>
						<line hits="0" number="280"/>
						<line hits="0" number="281"/>
						<line hits="0" number="282"/>
						<line hits="0" number="283"/>
						<line hits="0" number="285"/>
						<line hits="0" number="286"/>
						<line hits="0" number="288"/>
						<line hits="0" number="290"/>
						<line hits="0" number="291"/>
						<line hits="0" number="292"/>
						<line hits="0" number="294"/>
						<line hits="0" number="295"/>
						<line hits="0" number="302"/>
						<line hits="0" number="303"/>
						<line hits="0" number="315"/>
						<line hits="0" number="316"/>
						<line hits="0" number="318"/>
						<line hits="0" number="321"/>
						<line hits="0" number="322"/>
						<line hits="0" number="323"/>
						<line hits="0" number="326"/>
						<line hits="0" number="329"/>
						<line hits="0" number="330"/>
						<line hits="0" number="331"/>
						<line hits="0" number="332"/>
						<line hits="0" number="334"/>
						<line hits="0" number="335"/>
						<line hits="0" number="337"/>
						<line hits="0" number="339"/>
						<line hits="0" number="357"/>
						<line hits="0" number="358"/>
						<line hits="0" number="359"/>
						<line hits="0" number="360"/>
						<line hits="0" number="361"/>
						<line hits="0" number="362"/>
						<line hits="0" number="364"/>
						<line hits="0" number="366"/>
						<line hits="0" number="367"/>
						<line hits="0" number="369"/>
						<line hits="0" number="370"/>
						<line hits="0" number="371"/>
						<line hits="0" number="372"/>
						<line hits="0" number="374"/>
						<line hits="0" number="396"/>
						<line hits="0" number="397"/>
						<line hits="0" number="398"/>
						<line hits="0" number="399"/>
						<line hits="0" number="403"/>
						<line hits="0" number="404"/>
						<line hits="0" number="406"/>
						<line hits="0" number="407"/>
						<line hits="0" number="408"/>
						<line hits="0" number="409"/>
						<line hits="0" number="410"/>
						<line hits="0" number="411"/>
						<line hits="0" number="412"/>
						<line hits="0" number="414"/>
						<line hits="0" number="418"/>
						<line hits="0" number="419"/>
						<line hits="0" number="420"/>
						<line hits="0" number="421"/>
						<line hits="0" number="424"/>
						<line hits="0" number="425"/>
						<line hits="0" number="426"/>
						<line hits="0" number="427"/>
						<line hits="0" number="428"/>
						<line hits="0" number="433"/>
						<line hits="0" number="434"/>
						<line hits="0" number="435"/>
						<line hits="0" number="439"/>
						<line hits="0" number="440"/>
						<line hits="0" number="441"/>
						<line hits="0" number="443"/>
						<line hits="0" number="444"/>
						<line hits="0" number="445"/>
						<line hits="0" number="447"/>
						<line hits="0" number="448"/>
						<line hits="0" number="449"/>
						<line hits="0" number="450"/>
						<line hits="0" number="451"/>
						<line hits="0" number="452"/>
						<line hits="0" number="453"/>
						<line hits="0" number="454"/>
						<line hits="0" number="455"/>
						<line hits="0" number="456"/>
						<line hits="0" number="459"/>
						<line hits="0" number="461"/>
						<line hits="0" number="462"/>
						<line hits="0" number="463"/>
						<line hits="0" number="464"/>
						<line hits="0" number="465"/>
						<line hits="0" number="469"/>
						<line hits="0" number="470"/>
						<line hits="0" number="472"/>
						<line hits="0" number="473"/>
						<line hits="0" number="475"/>
						<line hits="0" number="476"/>
						<line hits="0" number="477"/>
						<line hits="0" number="479"/>
						<line hits="0" number="480"/>
						<line hits="0" number="482"/>
						<line hits="0" number="483"/>
						<line hits="0" number="484"/>
						<line hits="0" number="488"/>
						<line hits="0" number="489"/>
						<line hits="0" number="490"/>
						<line hits="0" number="491"/>
						<line hits="0" number="500"/>
						<line hits="0" number="501"/>
						<line hits="0" number="502"/>
						<line hits="0" number="503"/>
						<line hits="0" number="505"/>
						<line hits="0" number="508"/>
						<line hits="0" number="512"/>
						<line hits="0" number="513"/>
						<line hits="0" number="514"/>
					</lines>
				</class>
			</classes>
		</package>
		<package branch-rate="0" complexity="0" line-rate="0" name=".usr.lib.python2.7.email.mime">
			<classes>
				<class branch-rate="0" complexity="0" filename="/usr/lib/python2.7/email/mime/audio.py" line-rate="0" name="audio.py">
					<methods/>
					<lines>
						<line hits="0" number="5"/>
						<line hits="0" number="7"/>
						<line hits="0" number="9"/>
						<line hits="0" number="11"/>
						<line hits="0" number="12"/>
						<line hits="0" number="13"/>
						<line hits="0" number="17"/>
						<line hits="0" number="25"/>
						<line hits="0" number="32"/>
						<line hits="0" number="33"/>
						<line hits="0" number="34"/>
						<line hits="0" number="35"/>
						<line hits="0" number="36"/>
						<line hits="0" number="37"/>
						<line hits="0" number="38"/>
						<line hits="0" number="42"/>
						<line hits="0" number="45"/>
						<line hits="0" number="67"/>
						<line hits="0" number="68"/>
						<line hits="0" number="69"/>
						<line hits="0" number="70"/>
						<line hits="0" number="71"/>
						<line hits="0" number="72"/>
						<line hits="0" number="73"/>
					</lines>
				</class>
				<class branch-rate="0" complexity="0" filename="/usr/lib/python2.7/email/mime/base.py" line-rate="0" name="base.py">
					<methods/>
					<lines>
						<line hits="0" number="5"/>
						<line hits="0" number="7"/>
						<line hits="0" number="9"/>
						<line hits="0" number="13"/>
						<line hits="0" number="16"/>
						<line hits="0" number="23"/>
						<line hits="0" number="24"/>
						<line hits="0" number="25"/>
						<line hits="0" number="26"/>
					</lines>
				</class>
				<class branch-rate="0" complexity="0" filename="/usr/lib/python2.7/email/mime/image.py" line-rate="0" name="image.py">
					<methods/>
					<lines>
						<line hits="0" number="5"/>
						<line hits="0" number="7"/>
						<line hits="0" number="9"/>
						<line hits="0" number="11"/>
						<line hits="0" number="12"/>
						<line hits="0" number="16"/>
						<line hits="0" number="19"/>
						<line hits="0" number="40"/>
						<line hits="0" number="41"/>
						<line hits="0" number="42"/>
						<line hits="0" number="43"/>
						<line hits="0" number="44"/>
						<line hits="0" number="45"/>
						<line hits="0" number="46"/>
					</lines>
				</class>
				<class branch-rate="0" complexity="0" filename="/usr/lib/python2.7/email/mime/message.py" line-rate="0" name="message.py">
					<methods/>
					<lines>
						<line hits="0" number="5"/>
						<line hits="0" number="7"/>
						<line hits="0" number="9"/>
						<line hits="0" number="10"/>
						<line hits="0" number="14"/>
						<line hits="0" number="17"/>
						<line hits="0" number="27"/>
						<line hits="0" number="28"/>
						<line hits="0" number="29"/>
						<line hits="0" number="32"/>
						<line hits="0" number="34"/>
					</lines>
				</class>
				<class branch-rate="0" complexity="0" filename="/usr/lib/python2.7/email/mime/multipart.py" line-rate="0" name="multipart.py">
					<methods/>
					<lines>
						<line hits="0" number="5"/>
						<line hits="0" number="7"/>
						<line hits="0" number="9"/>
						<line hits="0" number="13"/>
						<line hits="0" number="16"/>
						<line hits="0" number="36"/>
						<line hits="0" number="41"/>
						<line hits="0" number="43"/>
						<line hits="0" number="44"/>
						<line hits="0" number="45"/>
						<line hits="0" number="46"/>
						<line hits="0" number="47"/>
					</lines>
				</class>
				<class branch-rate="0" complexity="0" filename="/usr/lib/python2.7/email/mime/nonmultipart.py" line-rate="0" name="nonmultipart.py">
					<methods/>
					<lines>
						<line hits="0" number="5"/>
						<line hits="0" number="7"/>
						<line hits="0" number="9"/>
						<line hits="0" number="10"/>
						<line hits="0" number="14"/>
						<line hits="0" number="17"/>
						<line hits="0" number="21"/>
					</lines>
				</class>
				<class branch-rate="0" complexity="0" filename="/usr/lib/python2.7/email/mime/text.py" line-rate="0" name="text.py">
					<methods/>
					<lines>
						<line hits="0" number="5"/>
						<line hits="0" number="7"/>
						<line hits="0" number="9"/>
						<line hits="0" number="10"/>
						<line hits="0" number="14"/>
						<line hits="0" number="17"/>
						<line hits="0" number="28"/>
						<line hits="0" number="30"/>
					</lines>
				</class>
			</classes>
		</package>
		<package branch-rate="0" complexity="0" line-rate="0" name=".usr.lib.python2.7.encodings">
			<classes>
				<class branch-rate="0" complexity="0" filename="/usr/lib/python2.7/encodings/ascii.py" line-rate="0" name="ascii.py">
					<methods/>
					<lines>
						<line hits="0" number="9"/>
						<line hits="0" number="13"/>
						<line hits="0" number="17"/>
						<line hits="0" number="18"/>
						<line hits="0" number="20"/>
						<line hits="0" number="21"/>
						<line hits="0" number="22"/>
						<line hits="0" number="24"/>
						<line hits="0" number="25"/>
						<line hits="0" number="26"/>
						<line hits="0" number="28"/>
						<line hits="0" number="29"/>
						<line hits="0" number="31"/>
						<line hits="0" number="32"/>
						<line hits="0" number="34"/>
						<line hits="0" number="36"/>
						<line hits="0" number="37"/>
						<line hits="0" number="41"/>
						<line hits="0" number="42"/>
					</lines>
				</class>
			</classes>
		</package>
	</packages>
</coverage>
